PLAY [Install docker] **************************************************************************************

TASK [Gathering Facts] *************************************************************************************
ok: [localhost]
ok: [hosttestusr1]

TASK [common : Update APT cache and all packages] **********************************************************
ok: [hosttestusr1]
ok: [localhost]

TASK [common : Install required system packages] ***********************************************************
ok: [localhost]
ok: [hosttestusr1]

TASK [common : Add Docker GPG key] *************************************************************************
ok: [hosttestusr1]
ok: [localhost]

TASK [common : Add Docker Repository] **********************************************************************
ok: [hosttestusr1]
ok: [localhost]

TASK [common : Update APT] *********************************************************************************
changed: [localhost]
changed: [hosttestusr1]

TASK [common : Install docker engine, docker container, and docker compose] ********************************
ok: [localhost]
ok: [hosttestusr1]

TASK [common : Check if docker service is running] *********************************************************
ok: [localhost]
ok: [hosttestusr1]

TASK [common : Add user "helloitsurdvq" to docker group] ***************************************************
ok: [hosttestusr1]
ok: [localhost]

PLAY [Deploy web service] **********************************************************************************

TASK [Gathering Facts] *************************************************************************************
ok: [localhost]
ok: [hosttestusr1]

TASK [web : Docker network exists?] ************************************************************************
ok: [hosttestusr1]
ok: [localhost]

TASK [web : Create docker network] *************************************************************************
ok: [localhost]
ok: [hosttestusr1]

TASK [web : Run docker image web:latest] *******************************************************************
changed: [localhost]
changed: [hosttestusr1]

PLAY [Deploy api service] **********************************************************************************

TASK [Gathering Facts] *************************************************************************************
ok: [localhost]
ok: [hosttestusr1]

TASK [api : Docker network exists?] ************************************************************************
ok: [localhost]
ok: [hosttestusr1]

TASK [api : Create docker network] *************************************************************************
ok: [localhost]
ok: [hosttestusr1]

TASK [api : Run docker image api:latest] *******************************************************************
changed: [localhost]
changed: [hosttestusr1]

PLAY [Deploy db service] ***********************************************************************************

TASK [Gathering Facts] *************************************************************************************
ok: [localhost]
ok: [hosttestusr1]

TASK [db : Create docker network] **************************************************************************
ok: [localhost]
ok: [hosttestusr1]

TASK [db : Deploy MongoDB container] ***********************************************************************
changed: [hosttestusr1]
changed: [localhost]

PLAY RECAP *************************************************************************************************
hosttestusr1               : ok=20   changed=4    unreachable=0    failed=0    skipped=0    rescued=0    ignored=0   
localhost                  : ok=20   changed=4    unreachable=0    failed=0    skipped=0    rescued=0    ignored=0 